<?xml version="1.0" encoding="UTF-8"?>
<testsuite xmlns:xsi="http://www.w3.org/2001/XMLSchema-instance" xsi:noNamespaceSchemaLocation="https://maven.apache.org/surefire/maven-surefire-plugin/xsd/surefire-test-report.xsd" name="SavingsMethodTest" time="0.058" tests="6" errors="0" skipped="0" failures="0">
  <properties>
[...]
</properties>
  <testcase name="savingsTest" classname="SavingsMethodTest" time="0.019"/>
  <testcase name="futureValLumpSumTest" classname="SavingsMethodTest" time="0"/>
  <testcase name="futureValLumpSumTwoTest" classname="SavingsMethodTest" time="0.001"/>
  <testcase name="constantSavingsTest" classname="SavingsMethodTest" time="0"/>
  <testcase name="fvVariableRateTest" classname="SavingsMethodTest" time="0.001"/>
  <testcase name="constantSavingsTwoTest" classname="SavingsMethodTest" time="0.001"/>
</testsuite>